<?xml version="1.0" encoding="UTF-8"?>
<testng-results ignored="0" total="7" passed="6" failed="1" skipped="0">
  <reporter-output>
  </reporter-output>
  <suite started-at="2023-04-13T17:47:41 IST" name="SSN Banking Suite" finished-at="2023-04-13T17:50:17 IST" duration-ms="155647">
    <groups>
    </groups>
    <test started-at="2023-04-13T17:47:41 IST" name="SSN Banking Tests" finished-at="2023-04-13T17:50:17 IST" duration-ms="155647">
      <class name="com.ssnbanking.qa.testcases.DeleteCustomerPageTestCase">
        <test-method is-config="true" signature="setUp()[pri:0, instance:com.ssnbanking.qa.testcases.DeleteCustomerPageTestCase@3349e9bb]" started-at="2023-04-13T17:49:53 IST" name="setUp" finished-at="2023-04-13T17:50:15 IST" duration-ms="21389" status="PASS">
          <reporter-output>
          </reporter-output>
        </test-method> <!-- setUp -->
        <test-method signature="deleteTheCustomer()[pri:0, instance:com.ssnbanking.qa.testcases.DeleteCustomerPageTestCase@3349e9bb]" started-at="2023-04-13T17:50:15 IST" name="deleteTheCustomer" finished-at="2023-04-13T17:50:17 IST" duration-ms="2022" status="FAIL">
          <exception class="org.openqa.selenium.NoAlertPresentException">
            <message>
              <![CDATA[no such alert
  (Session info: chrome=111.0.5563.148)
Build info: version: '4.7.2', revision: '4d4020c3b7'
System info: os.name: 'Windows 11', os.arch: 'amd64', os.version: '10.0', java.version: '17.0.2'
Driver info: org.openqa.selenium.chrome.ChromeDriver
Command: [cdb15049e0864d5b1267ce535f18c93b, getAlertText {}]
Capabilities {acceptInsecureCerts: false, browserName: chrome, browserVersion: 111.0.5563.148, chrome: {chromedriverVersion: 111.0.5563.64 (c710e93d5b63..., userDataDir: C:\Users\usrin\AppData\Loca...}, goog:chromeOptions: {debuggerAddress: localhost:50912}, networkConnectionEnabled: false, pageLoadStrategy: normal, platformName: WINDOWS, proxy: Proxy(), se:cdp: ws://localhost:50912/devtoo..., se:cdpVersion: 111.0.5563.148, setWindowRect: true, strictFileInteractability: false, timeouts: {implicit: 0, pageLoad: 300000, script: 30000}, unhandledPromptBehavior: dismiss and notify, webauthn:extension:credBlob: true, webauthn:extension:largeBlob: true, webauthn:extension:minPinLength: true, webauthn:extension:prf: true, webauthn:virtualAuthenticators: true}
Session ID: cdb15049e0864d5b1267ce535f18c93b]]>
            </message>
            <full-stacktrace>
              <![CDATA[org.openqa.selenium.NoAlertPresentException: no such alert
  (Session info: chrome=111.0.5563.148)
Build info: version: '4.7.2', revision: '4d4020c3b7'
System info: os.name: 'Windows 11', os.arch: 'amd64', os.version: '10.0', java.version: '17.0.2'
Driver info: org.openqa.selenium.chrome.ChromeDriver
Command: [cdb15049e0864d5b1267ce535f18c93b, getAlertText {}]
Capabilities {acceptInsecureCerts: false, browserName: chrome, browserVersion: 111.0.5563.148, chrome: {chromedriverVersion: 111.0.5563.64 (c710e93d5b63..., userDataDir: C:\Users\usrin\AppData\Loca...}, goog:chromeOptions: {debuggerAddress: localhost:50912}, networkConnectionEnabled: false, pageLoadStrategy: normal, platformName: WINDOWS, proxy: Proxy(), se:cdp: ws://localhost:50912/devtoo..., se:cdpVersion: 111.0.5563.148, setWindowRect: true, strictFileInteractability: false, timeouts: {implicit: 0, pageLoad: 300000, script: 30000}, unhandledPromptBehavior: dismiss and notify, webauthn:extension:credBlob: true, webauthn:extension:largeBlob: true, webauthn:extension:minPinLength: true, webauthn:extension:prf: true, webauthn:virtualAuthenticators: true}
Session ID: cdb15049e0864d5b1267ce535f18c93b
at java.base/jdk.internal.reflect.NativeConstructorAccessorImpl.newInstance0(Native Method)
at java.base/jdk.internal.reflect.NativeConstructorAccessorImpl.newInstance(NativeConstructorAccessorImpl.java:77)
at java.base/jdk.internal.reflect.DelegatingConstructorAccessorImpl.newInstance(DelegatingConstructorAccessorImpl.java:45)
at java.base/java.lang.reflect.Constructor.newInstanceWithCaller(Constructor.java:499)
at java.base/java.lang.reflect.Constructor.newInstance(Constructor.java:480)
at org.openqa.selenium.remote.codec.w3c.W3CHttpResponseCodec.createException(W3CHttpResponseCodec.java:200)
at org.openqa.selenium.remote.codec.w3c.W3CHttpResponseCodec.decode(W3CHttpResponseCodec.java:133)
at org.openqa.selenium.remote.codec.w3c.W3CHttpResponseCodec.decode(W3CHttpResponseCodec.java:53)
at org.openqa.selenium.remote.HttpCommandExecutor.execute(HttpCommandExecutor.java:184)
at org.openqa.selenium.remote.service.DriverCommandExecutor.invokeExecute(DriverCommandExecutor.java:167)
at org.openqa.selenium.remote.service.DriverCommandExecutor.execute(DriverCommandExecutor.java:142)
at org.openqa.selenium.remote.RemoteWebDriver.execute(RemoteWebDriver.java:535)
at org.openqa.selenium.remote.RemoteWebDriver.execute(RemoteWebDriver.java:590)
at org.openqa.selenium.remote.RemoteWebDriver.execute(RemoteWebDriver.java:594)
at org.openqa.selenium.remote.RemoteWebDriver$RemoteTargetLocator.alert(RemoteWebDriver.java:1072)
at com.ssnbanking.qa.pages.DeleteCustomerPage.deleteCustomer(DeleteCustomerPage.java:35)
at com.ssnbanking.qa.testcases.DeleteCustomerPageTestCase.deleteTheCustomer(DeleteCustomerPageTestCase.java:33)
at java.base/jdk.internal.reflect.NativeMethodAccessorImpl.invoke0(Native Method)
at java.base/jdk.internal.reflect.NativeMethodAccessorImpl.invoke(NativeMethodAccessorImpl.java:77)
at java.base/jdk.internal.reflect.DelegatingMethodAccessorImpl.invoke(DelegatingMethodAccessorImpl.java:43)
at java.base/java.lang.reflect.Method.invoke(Method.java:568)
at org.testng.internal.invokers.MethodInvocationHelper.invokeMethod(MethodInvocationHelper.java:139)
at org.testng.internal.invokers.TestInvoker.invokeMethod(TestInvoker.java:677)
at org.testng.internal.invokers.TestInvoker.invokeTestMethod(TestInvoker.java:221)
at org.testng.internal.invokers.MethodRunner.runInSequence(MethodRunner.java:50)
at org.testng.internal.invokers.TestInvoker$MethodInvocationAgent.invoke(TestInvoker.java:969)
at org.testng.internal.invokers.TestInvoker.invokeTestMethods(TestInvoker.java:194)
at org.testng.internal.invokers.TestMethodWorker.invokeTestMethods(TestMethodWorker.java:148)
at org.testng.internal.invokers.TestMethodWorker.run(TestMethodWorker.java:128)
at java.base/java.util.ArrayList.forEach(ArrayList.java:1511)
at org.testng.TestRunner.privateRun(TestRunner.java:829)
at org.testng.TestRunner.run(TestRunner.java:602)
at org.testng.SuiteRunner.runTest(SuiteRunner.java:437)
at org.testng.SuiteRunner.runSequentially(SuiteRunner.java:431)
at org.testng.SuiteRunner.privateRun(SuiteRunner.java:391)
at org.testng.SuiteRunner.run(SuiteRunner.java:330)
at org.testng.SuiteRunnerWorker.runSuite(SuiteRunnerWorker.java:52)
at org.testng.SuiteRunnerWorker.run(SuiteRunnerWorker.java:95)
at org.testng.TestNG.runSuitesSequentially(TestNG.java:1256)
at org.testng.TestNG.runSuitesLocally(TestNG.java:1176)
at org.testng.TestNG.runSuites(TestNG.java:1099)
at org.testng.TestNG.run(TestNG.java:1067)
at org.testng.remote.AbstractRemoteTestNG.run(AbstractRemoteTestNG.java:115)
at org.testng.remote.RemoteTestNG.initAndRun(RemoteTestNG.java:251)
at org.testng.remote.RemoteTestNG.main(RemoteTestNG.java:77)
]]>
            </full-stacktrace>
          </exception> <!-- org.openqa.selenium.NoAlertPresentException -->
          <reporter-output>
          </reporter-output>
        </test-method> <!-- deleteTheCustomer -->
        <test-method is-config="true" signature="tearDown()[pri:0, instance:com.ssnbanking.qa.testcases.DeleteCustomerPageTestCase@3349e9bb]" started-at="2023-04-13T17:50:17 IST" name="tearDown" finished-at="2023-04-13T17:50:17 IST" duration-ms="254" status="PASS">
          <reporter-output>
          </reporter-output>
        </test-method> <!-- tearDown -->
      </class> <!-- com.ssnbanking.qa.testcases.DeleteCustomerPageTestCase -->
      <class name="com.ssnbanking.qa.testcases.HomePageTest">
        <test-method is-config="true" signature="setUp()[pri:0, instance:com.ssnbanking.qa.testcases.HomePageTest@3c19aaa5]" started-at="2023-04-13T17:48:32 IST" name="setUp" finished-at="2023-04-13T17:49:26 IST" duration-ms="53553" status="PASS">
          <reporter-output>
          </reporter-output>
        </test-method> <!-- setUp -->
        <test-method signature="validateHomePageTitle()[pri:0, instance:com.ssnbanking.qa.testcases.HomePageTest@3c19aaa5]" started-at="2023-04-13T17:49:26 IST" name="validateHomePageTitle" finished-at="2023-04-13T17:49:26 IST" duration-ms="9" status="PASS">
          <reporter-output>
          </reporter-output>
        </test-method> <!-- validateHomePageTitle -->
        <test-method is-config="true" signature="tearDown()[pri:0, instance:com.ssnbanking.qa.testcases.HomePageTest@3c19aaa5]" started-at="2023-04-13T17:49:26 IST" name="tearDown" finished-at="2023-04-13T17:49:26 IST" duration-ms="118" status="PASS">
          <reporter-output>
          </reporter-output>
        </test-method> <!-- tearDown -->
        <test-method is-config="true" signature="setUp()[pri:0, instance:com.ssnbanking.qa.testcases.HomePageTest@3c19aaa5]" started-at="2023-04-13T17:49:26 IST" name="setUp" finished-at="2023-04-13T17:49:35 IST" duration-ms="8565" status="PASS">
          <reporter-output>
          </reporter-output>
        </test-method> <!-- setUp -->
        <test-method signature="validateHomePageLogo()[pri:1, instance:com.ssnbanking.qa.testcases.HomePageTest@3c19aaa5]" started-at="2023-04-13T17:49:35 IST" name="validateHomePageLogo" finished-at="2023-04-13T17:49:35 IST" duration-ms="53" status="PASS">
          <reporter-output>
          </reporter-output>
        </test-method> <!-- validateHomePageLogo -->
        <test-method is-config="true" signature="tearDown()[pri:0, instance:com.ssnbanking.qa.testcases.HomePageTest@3c19aaa5]" started-at="2023-04-13T17:49:35 IST" name="tearDown" finished-at="2023-04-13T17:49:35 IST" duration-ms="170" status="PASS">
          <reporter-output>
          </reporter-output>
        </test-method> <!-- tearDown -->
        <test-method is-config="true" signature="setUp()[pri:0, instance:com.ssnbanking.qa.testcases.HomePageTest@3c19aaa5]" started-at="2023-04-13T17:49:35 IST" name="setUp" finished-at="2023-04-13T17:49:51 IST" duration-ms="15964" status="PASS">
          <reporter-output>
          </reporter-output>
        </test-method> <!-- setUp -->
        <test-method signature="navigateToDeleteCustomerPage()[pri:2, instance:com.ssnbanking.qa.testcases.HomePageTest@3c19aaa5]" started-at="2023-04-13T17:49:51 IST" name="navigateToDeleteCustomerPage" finished-at="2023-04-13T17:49:53 IST" duration-ms="2084" status="PASS">
          <reporter-output>
          </reporter-output>
        </test-method> <!-- navigateToDeleteCustomerPage -->
        <test-method is-config="true" signature="tearDown()[pri:0, instance:com.ssnbanking.qa.testcases.HomePageTest@3c19aaa5]" started-at="2023-04-13T17:49:53 IST" name="tearDown" finished-at="2023-04-13T17:49:53 IST" duration-ms="248" status="PASS">
          <reporter-output>
          </reporter-output>
        </test-method> <!-- tearDown -->
      </class> <!-- com.ssnbanking.qa.testcases.HomePageTest -->
      <class name="com.ssnbanking.qa.testcases.LoginPageTest">
        <test-method is-config="true" signature="setUp()[pri:0, instance:com.ssnbanking.qa.testcases.LoginPageTest@3a93b025]" started-at="2023-04-13T17:47:41 IST" name="setUp" finished-at="2023-04-13T17:48:03 IST" duration-ms="21923" status="PASS">
          <reporter-output>
          </reporter-output>
        </test-method> <!-- setUp -->
        <test-method signature="validateLoginPageTitle()[pri:0, instance:com.ssnbanking.qa.testcases.LoginPageTest@3a93b025]" started-at="2023-04-13T17:48:03 IST" name="validateLoginPageTitle" finished-at="2023-04-13T17:48:03 IST" duration-ms="24" status="PASS">
          <reporter-output>
          </reporter-output>
        </test-method> <!-- validateLoginPageTitle -->
        <test-method is-config="true" signature="tearDown()[pri:0, instance:com.ssnbanking.qa.testcases.LoginPageTest@3a93b025]" started-at="2023-04-13T17:48:03 IST" name="tearDown" finished-at="2023-04-13T17:48:03 IST" duration-ms="198" status="PASS">
          <reporter-output>
          </reporter-output>
        </test-method> <!-- tearDown -->
        <test-method is-config="true" signature="setUp()[pri:0, instance:com.ssnbanking.qa.testcases.LoginPageTest@3a93b025]" started-at="2023-04-13T17:48:03 IST" name="setUp" finished-at="2023-04-13T17:48:10 IST" duration-ms="6975" status="PASS">
          <reporter-output>
          </reporter-output>
        </test-method> <!-- setUp -->
        <test-method signature="validateLoginPageLogo()[pri:1, instance:com.ssnbanking.qa.testcases.LoginPageTest@3a93b025]" started-at="2023-04-13T17:48:10 IST" name="validateLoginPageLogo" finished-at="2023-04-13T17:48:10 IST" duration-ms="55" status="PASS">
          <reporter-output>
          </reporter-output>
        </test-method> <!-- validateLoginPageLogo -->
        <test-method is-config="true" signature="tearDown()[pri:0, instance:com.ssnbanking.qa.testcases.LoginPageTest@3a93b025]" started-at="2023-04-13T17:48:10 IST" name="tearDown" finished-at="2023-04-13T17:48:11 IST" duration-ms="141" status="PASS">
          <reporter-output>
          </reporter-output>
        </test-method> <!-- tearDown -->
        <test-method is-config="true" signature="setUp()[pri:0, instance:com.ssnbanking.qa.testcases.LoginPageTest@3a93b025]" started-at="2023-04-13T17:48:11 IST" name="setUp" finished-at="2023-04-13T17:48:27 IST" duration-ms="16440" status="PASS">
          <reporter-output>
          </reporter-output>
        </test-method> <!-- setUp -->
        <test-method signature="loginToApp()[pri:2, instance:com.ssnbanking.qa.testcases.LoginPageTest@3a93b025]" started-at="2023-04-13T17:48:27 IST" name="loginToApp" finished-at="2023-04-13T17:48:32 IST" duration-ms="5207" status="PASS">
          <reporter-output>
          </reporter-output>
        </test-method> <!-- loginToApp -->
        <test-method is-config="true" signature="tearDown()[pri:0, instance:com.ssnbanking.qa.testcases.LoginPageTest@3a93b025]" started-at="2023-04-13T17:48:32 IST" name="tearDown" finished-at="2023-04-13T17:48:32 IST" duration-ms="179" status="PASS">
          <reporter-output>
          </reporter-output>
        </test-method> <!-- tearDown -->
      </class> <!-- com.ssnbanking.qa.testcases.LoginPageTest -->
    </test> <!-- SSN Banking Tests -->
  </suite> <!-- SSN Banking Suite -->
</testng-results>
